<?xml version="1.0" encoding="UTF-8"?>
<testsuite name="dk.netdesign.common.osgi.config.ManagedPropertiesServiceTest" time="0.207" tests="30" errors="0" skipped="1" failures="0">
  <properties>
[...]
</properties>
  <testcase name="testLegalInputType" classname="dk.netdesign.common.osgi.config.ManagedPropertiesServiceTest" time="0">
    <skipped/>
  </testcase>
  <testcase name="testOffline" classname="dk.netdesign.common.osgi.config.ManagedPropertiesServiceTest" time="0.082"/>
  <testcase name="testAbstract" classname="dk.netdesign.common.osgi.config.ManagedPropertiesServiceTest" time="0.005"/>
  <testcase name="testTestDirectType" classname="dk.netdesign.common.osgi.config.ManagedPropertiesServiceTest" time="0.005"/>
  <testcase name="testTestFilteredType" classname="dk.netdesign.common.osgi.config.ManagedPropertiesServiceTest" time="0.004"/>
  <testcase name="testBadListType" classname="dk.netdesign.common.osgi.config.ManagedPropertiesServiceTest" time="0.004"/>
  <testcase name="testUnknownInputType" classname="dk.netdesign.common.osgi.config.ManagedPropertiesServiceTest" time="0.004"/>
  <testcase name="testLock" classname="dk.netdesign.common.osgi.config.ManagedPropertiesServiceTest" time="0.003"/>
  <testcase name="testToString" classname="dk.netdesign.common.osgi.config.ManagedPropertiesServiceTest" time="0.004"/>
  <testcase name="testMissingRequredValueOnUpdate" classname="dk.netdesign.common.osgi.config.ManagedPropertiesServiceTest" time="0.007"/>
  <testcase name="testValidTypes" classname="dk.netdesign.common.osgi.config.ManagedPropertiesServiceTest" time="0.008"/>
  <testcase name="testDoubleInterfaceID" classname="dk.netdesign.common.osgi.config.ManagedPropertiesServiceTest" time="0.006"/>
  <testcase name="testBadType" classname="dk.netdesign.common.osgi.config.ManagedPropertiesServiceTest" time="0.004"/>
  <testcase name="testMethodWithParams" classname="dk.netdesign.common.osgi.config.ManagedPropertiesServiceTest" time="0.005"/>
  <testcase name="testNarrowingDefaultsNoUpdate" classname="dk.netdesign.common.osgi.config.ManagedPropertiesServiceTest" time="0.007"/>
  <testcase name="testNonExistant" classname="dk.netdesign.common.osgi.config.ManagedPropertiesServiceTest" time="0.004"/>
  <testcase name="testIllegalInputType" classname="dk.netdesign.common.osgi.config.ManagedPropertiesServiceTest" time="0.005"/>
  <testcase name="testTestNarrowing" classname="dk.netdesign.common.osgi.config.ManagedPropertiesServiceTest" time="0.004"/>
  <testcase name="testBadListCardinality" classname="dk.netdesign.common.osgi.config.ManagedPropertiesServiceTest" time="0.004"/>
  <testcase name="testNarrowingMissingDefaults" classname="dk.netdesign.common.osgi.config.ManagedPropertiesServiceTest" time="0.006"/>
  <testcase name="testOfflineMissing" classname="dk.netdesign.common.osgi.config.ManagedPropertiesServiceTest" time="0.002"/>
  <testcase name="testCallback" classname="dk.netdesign.common.osgi.config.ManagedPropertiesServiceTest" time="0.005"/>
  <testcase name="testNarrowingDefaultsPartialUpdate" classname="dk.netdesign.common.osgi.config.ManagedPropertiesServiceTest" time="0.003"/>
  <testcase name="testFileFilter" classname="dk.netdesign.common.osgi.config.ManagedPropertiesServiceTest" time="0.004"/>
  <testcase name="testDoubleAttributeID" classname="dk.netdesign.common.osgi.config.ManagedPropertiesServiceTest" time="0.004"/>
  <testcase name="testNotInterface" classname="dk.netdesign.common.osgi.config.ManagedPropertiesServiceTest" time="0.003"/>
  <testcase name="testCardinalityOnUpdate" classname="dk.netdesign.common.osgi.config.ManagedPropertiesServiceTest" time="0.004"/>
  <testcase name="testRepeatedInterface" classname="dk.netdesign.common.osgi.config.ManagedPropertiesServiceTest" time="0.003"/>
  <testcase name="testTestNarrowingBadInput" classname="dk.netdesign.common.osgi.config.ManagedPropertiesServiceTest" time="0.004"/>
  <testcase name="testBadFilter" classname="dk.netdesign.common.osgi.config.ManagedPropertiesServiceTest" time="0.004"/>
</testsuite>